=== Update id_counter_group: 2026-06-30 13:23:19 ===
Rows updated: 23

UPDATE design_number SET id_counter_group = 1 WHERE number = 'A2V00001244066_L1';
UPDATE design_number SET id_counter_group = 1 WHERE number = 'A2V00001430919_L1';
UPDATE design_number SET id_counter_group = 1 WHERE number = 'A2V00001447125_L1';
UPDATE design_number SET id_counter_group = 1 WHERE number = 'A2V00001677006_R1';
UPDATE design_number SET id_counter_group = 1 WHERE number = 'A2V00001677023_L1';
UPDATE design_number SET id_counter_group = 1 WHERE number = 'A2V00001677288_L1';
UPDATE design_number SET id_counter_group = 1 WHERE number = 'A2V00001704399';
UPDATE design_number SET id_counter_group = 1 WHERE number = 'A2V00001799928';
UPDATE design_number SET id_counter_group = 1 WHERE number = 'A2V00001810413_L1';
UPDATE design_number SET id_counter_group = 1 WHERE number = 'A2V00002035156_L1';
UPDATE design_number SET id_counter_group = 1 WHERE number = 'A2V00002045867_L1';
UPDATE design_number SET id_counter_group = 1 WHERE number = 'A2V00002091240_L1';
UPDATE design_number SET id_counter_group = 1 WHERE number = 'A2V00002107425_L1';
UPDATE design_number SET id_counter_group = 1 WHERE number = 'A2V00002108355_L1';
UPDATE design_number SET id_counter_group = 1 WHERE number = 'A2V00002124118';
UPDATE design_number SET id_counter_group = 1 WHERE number = 'A2V00002189167_L1';
UPDATE design_number SET id_counter_group = 1 WHERE number = 'A2V00002955734_L1';
UPDATE design_number SET id_counter_group = 1 WHERE number = 'A2V00002956044_L1';
UPDATE design_number SET id_counter_group = 1 WHERE number = 'A2V00112702191_L1';
UPDATE design_number SET id_counter_group = 1 WHERE number = 'DU0011741';
UPDATE design_number SET id_counter_group = 1 WHERE number = 'DU0018628';
UPDATE design_number SET id_counter_group = 1 WHERE number = 'RU008210';
UPDATE design_number SET id_counter_group = 1 WHERE number = 'RU008210_L1';
